<?xml version="1.0" encoding="UTF-8"?>
<testsuite name="com.softwareminds.shoppinglistservice.controller.ShoppingListControllerTest" tests="8" skipped="0" failures="0" errors="0" timestamp="2023-06-19T21:51:30" hostname="LAPTOP" time="35.006">
  <properties/>
  <testcase name="deleteShoppingList_inValidId_statusNotFound()" classname="com.softwareminds.shoppinglistservice.controller.ShoppingListControllerTest" time="4.832"/>
  <testcase name="getShoppingListEntitiesById_invalidId_statusNotFound()" classname="com.softwareminds.shoppinglistservice.controller.ShoppingListControllerTest" time="2.422"/>
  <testcase name="updateShoppingList_properEntityWithInvalidId_statusNotFound()" classname="com.softwareminds.shoppinglistservice.controller.ShoppingListControllerTest" time="4.074"/>
  <testcase name="updateShoppingList_properEntityWithValidId_properlyUpdatedResource()" classname="com.softwareminds.shoppinglistservice.controller.ShoppingListControllerTest" time="2.465"/>
  <testcase name="createShoppingList_properEntity_properlySavedResource()" classname="com.softwareminds.shoppinglistservice.controller.ShoppingListControllerTest" time="2.374"/>
  <testcase name="getShoppingListEntitiesById_validId_properShoppingListEntity()" classname="com.softwareminds.shoppinglistservice.controller.ShoppingListControllerTest" time="2.242"/>
  <testcase name="deleteShoppingList_validId_properlyDeletedResource()" classname="com.softwareminds.shoppinglistservice.controller.ShoppingListControllerTest" time="2.333"/>
  <testcase name="getShoppingListEntities()" classname="com.softwareminds.shoppinglistservice.controller.ShoppingListControllerTest" time="2.885"/>
  <system-out><![CDATA[23:51:13.035 [Test worker] INFO org.testcontainers.utility.ImageNameSubstitutor -- Image name substitution will be performed by: DefaultImageNameSubstitutor (composite of 'ConfigurationFileImageNameSubstitutor' and 'PrefixingImageNameSubstitutor')
23:51:13.826 [Test worker] INFO org.testcontainers.dockerclient.DockerClientProviderStrategy -- Loaded org.testcontainers.dockerclient.NpipeSocketClientProviderStrategy from ~/.testcontainers.properties, will try it first
23:51:14.254 [Test worker] INFO org.testcontainers.dockerclient.DockerClientProviderStrategy -- Found Docker environment with local Npipe socket (npipe:////./pipe/docker_engine)
23:51:14.256 [Test worker] INFO org.testcontainers.DockerClientFactory -- Docker host IP address is localhost
23:51:14.284 [Test worker] INFO org.testcontainers.DockerClientFactory -- Connected to docker: 
  Server Version: 24.0.2
  API Version: 1.43
  Operating System: Docker Desktop
  Total Memory: 3837 MB
23:51:14.320 [Test worker] INFO tc.testcontainers/ryuk:0.4.0 -- Creating container for image: testcontainers/ryuk:0.4.0
23:51:14.603 [Test worker] INFO org.testcontainers.utility.RegistryAuthLocator -- Credential helper/store (docker-credential-desktop) does not have credentials for https://index.docker.io/v1/
23:51:15.188 [Test worker] INFO tc.testcontainers/ryuk:0.4.0 -- Container testcontainers/ryuk:0.4.0 is starting: 2140ab589ae71fba2b076e036902c359861ee00238c4b7956ac0c7d33d6203bf
23:51:15.914 [Test worker] INFO tc.testcontainers/ryuk:0.4.0 -- Container testcontainers/ryuk:0.4.0 started in PT1.6179223S
23:51:15.928 [Test worker] INFO org.testcontainers.utility.RyukResourceReaper -- Ryuk started - will monitor and terminate Testcontainers containers on JVM exit
23:51:15.928 [Test worker] INFO org.testcontainers.DockerClientFactory -- Checking the system...
23:51:15.929 [Test worker] INFO org.testcontainers.DockerClientFactory -- ?? Docker server version should be at least 1.6.0
23:51:15.929 [Test worker] INFO tc.postgres:latest -- Creating container for image: postgres:latest
23:51:16.448 [Test worker] INFO tc.postgres:latest -- Container postgres:latest is starting: 2c55908385421111b36b1c5313720554b462945d2806333572caf9b4887cc28f
23:51:20.366 [Test worker] INFO tc.postgres:latest -- Container postgres:latest started in PT4.4366884S
23:51:20.368 [Test worker] INFO tc.postgres:latest -- Container is started (JDBC URL: jdbc:postgresql://localhost:50974/test?loggerLevel=OFF)
23:51:20.502 [Test worker] INFO org.springframework.test.context.support.AnnotationConfigContextLoaderUtils -- Could not detect default configuration classes for test class [com.softwareminds.shoppinglistservice.controller.ShoppingListControllerTest]: ShoppingListControllerTest does not declare any static, non-private, non-final, nested classes annotated with @Configuration.
23:51:20.677 [Test worker] INFO org.springframework.boot.test.context.SpringBootTestContextBootstrapper -- Found @SpringBootConfiguration com.softwareminds.shoppinglistservice.ShoppingListServiceApplication for test class com.softwareminds.shoppinglistservice.controller.ShoppingListControllerTest

  .   ____          _            __ _ _
 /\\ / ___'_ __ _ _(_)_ __  __ _ \ \ \ \
( ( )\___ | '_ | '_| | '_ \/ _` | \ \ \ \
 \\/  ___)| |_)| | | | | || (_| |  ) ) ) )
  '  |____| .__|_| |_|_| |_\__, | / / / /
 =========|_|==============|___/=/_/_/_/
 :: Spring Boot ::                (v3.1.0)

2023-06-19T23:51:21.364+02:00  INFO 22892 --- [    Test worker] c.s.s.c.ShoppingListControllerTest       : Starting ShoppingListControllerTest using Java 17.0.6 with PID 22892 (started by kubas in C:\shoppinglistservice)
2023-06-19T23:51:21.366+02:00  INFO 22892 --- [    Test worker] c.s.s.c.ShoppingListControllerTest       : No active profile set, falling back to 1 default profile: "default"
2023-06-19T23:51:22.906+02:00  INFO 22892 --- [    Test worker] .s.d.r.c.RepositoryConfigurationDelegate : Bootstrapping Spring Data JPA repositories in DEFAULT mode.
2023-06-19T23:51:23.116+02:00  INFO 22892 --- [    Test worker] .s.d.r.c.RepositoryConfigurationDelegate : Finished Spring Data repository scanning in 199 ms. Found 1 JPA repository interfaces.
2023-06-19T23:51:23.928+02:00  INFO 22892 --- [    Test worker] o.s.b.w.embedded.tomcat.TomcatWebServer  : Tomcat initialized with port(s): 0 (http)
2023-06-19T23:51:23.939+02:00  INFO 22892 --- [    Test worker] o.apache.catalina.core.StandardService   : Starting service [Tomcat]
2023-06-19T23:51:23.939+02:00  INFO 22892 --- [    Test worker] o.apache.catalina.core.StandardEngine    : Starting Servlet engine: [Apache Tomcat/10.1.8]
2023-06-19T23:51:24.098+02:00  INFO 22892 --- [    Test worker] o.a.c.c.C.[Tomcat].[localhost].[/]       : Initializing Spring embedded WebApplicationContext
2023-06-19T23:51:24.100+02:00  INFO 22892 --- [    Test worker] w.s.c.ServletWebServerApplicationContext : Root WebApplicationContext: initialization completed in 2695 ms
2023-06-19T23:51:24.412+02:00  INFO 22892 --- [    Test worker] o.hibernate.jpa.internal.util.LogHelper  : HHH000204: Processing PersistenceUnitInfo [name: default]
2023-06-19T23:51:24.518+02:00  INFO 22892 --- [    Test worker] org.hibernate.Version                    : HHH000412: Hibernate ORM core version 6.2.2.Final
2023-06-19T23:51:24.521+02:00  INFO 22892 --- [    Test worker] org.hibernate.cfg.Environment            : HHH000406: Using bytecode reflection optimizer
2023-06-19T23:51:24.777+02:00  INFO 22892 --- [    Test worker] o.h.b.i.BytecodeProviderInitiator        : HHH000021: Bytecode provider name : bytebuddy
2023-06-19T23:51:25.016+02:00  INFO 22892 --- [    Test worker] o.s.o.j.p.SpringPersistenceUnitInfo      : No LoadTimeWeaver setup: ignoring JPA class transformer
2023-06-19T23:51:25.045+02:00  INFO 22892 --- [    Test worker] com.zaxxer.hikari.HikariDataSource       : HikariPool-1 - Starting...
2023-06-19T23:51:25.744+02:00  INFO 22892 --- [    Test worker] com.zaxxer.hikari.pool.HikariPool        : HikariPool-1 - Added connection org.postgresql.jdbc.PgConnection@811d8d6
2023-06-19T23:51:25.748+02:00  INFO 22892 --- [    Test worker] com.zaxxer.hikari.HikariDataSource       : HikariPool-1 - Start completed.
2023-06-19T23:51:25.859+02:00  INFO 22892 --- [    Test worker] org.hibernate.orm.dialect                : HHH035001: Using dialect: org.hibernate.dialect.PostgreSQLDialect, version: org.hibernate.engine.jdbc.env.internal.JdbcEnvironmentInitiator$DialectResolutionInfoImpl@3c862522
2023-06-19T23:51:26.383+02:00  INFO 22892 --- [    Test worker] o.h.b.i.BytecodeProviderInitiator        : HHH000021: Bytecode provider name : bytebuddy
2023-06-19T23:51:27.635+02:00  INFO 22892 --- [    Test worker] o.h.e.t.j.p.i.JtaPlatformInitiator       : HHH000490: Using JtaPlatform implementation: [org.hibernate.engine.transaction.jta.platform.internal.NoJtaPlatform]
2023-06-19T23:51:27.681+02:00  WARN 22892 --- [    Test worker] o.h.engine.jdbc.spi.SqlExceptionHelper   : SQL Warning Code: 0, SQLState: 00000
2023-06-19T23:51:27.681+02:00  WARN 22892 --- [    Test worker] o.h.engine.jdbc.spi.SqlExceptionHelper   : relation "shopping_list_entity_elements" does not exist, skipping
2023-06-19T23:51:27.705+02:00  WARN 22892 --- [    Test worker] o.h.engine.jdbc.spi.SqlExceptionHelper   : SQL Warning Code: 0, SQLState: 00000
2023-06-19T23:51:27.706+02:00  WARN 22892 --- [    Test worker] o.h.engine.jdbc.spi.SqlExceptionHelper   : table "shopping_list_entity" does not exist, skipping
2023-06-19T23:51:27.730+02:00  WARN 22892 --- [    Test worker] o.h.engine.jdbc.spi.SqlExceptionHelper   : SQL Warning Code: 0, SQLState: 00000
2023-06-19T23:51:27.730+02:00  WARN 22892 --- [    Test worker] o.h.engine.jdbc.spi.SqlExceptionHelper   : table "shopping_list_entity_elements" does not exist, skipping
2023-06-19T23:51:27.835+02:00  INFO 22892 --- [    Test worker] o.h.t.s.i.e.GenerationTargetToDatabase   : HHH000476: Executing script '[injected ScriptSourceInputNonExistentImpl script]'
2023-06-19T23:51:27.841+02:00  INFO 22892 --- [    Test worker] j.LocalContainerEntityManagerFactoryBean : Initialized JPA EntityManagerFactory for persistence unit 'default'
2023-06-19T23:51:28.645+02:00  WARN 22892 --- [    Test worker] JpaBaseConfiguration$JpaWebConfiguration : spring.jpa.open-in-view is enabled by default. Therefore, database queries may be performed during view rendering. Explicitly configure spring.jpa.open-in-view to disable this warning
2023-06-19T23:51:29.525+02:00  INFO 22892 --- [    Test worker] o.s.b.a.e.web.EndpointLinksResolver      : Exposing 1 endpoint(s) beneath base path '/actuator'
2023-06-19T23:51:29.713+02:00  INFO 22892 --- [    Test worker] o.s.b.w.embedded.tomcat.TomcatWebServer  : Tomcat started on port(s): 51001 (http) with context path ''
2023-06-19T23:51:29.755+02:00  INFO 22892 --- [    Test worker] c.s.s.c.ShoppingListControllerTest       : Started ShoppingListControllerTest in 8.825 seconds (process running for 18.385)
2023-06-19T23:51:32.504+02:00  INFO 22892 --- [o-auto-1-exec-3] o.a.c.c.C.[Tomcat].[localhost].[/]       : Initializing Spring DispatcherServlet 'dispatcherServlet'
2023-06-19T23:51:32.505+02:00  INFO 22892 --- [o-auto-1-exec-3] o.s.web.servlet.DispatcherServlet        : Initializing Servlet 'dispatcherServlet'
2023-06-19T23:51:32.507+02:00  INFO 22892 --- [o-auto-1-exec-3] o.s.web.servlet.DispatcherServlet        : Completed initialization in 2 ms
2023-06-19T23:51:32.799+02:00  INFO 22892 --- [    Test worker] o.apache.catalina.core.StandardService   : Stopping service [Tomcat]
2023-06-19T23:51:32.802+02:00  INFO 22892 --- [    Test worker] o.a.c.c.C.[Tomcat].[localhost].[/]       : Destroying Spring FrameworkServlet 'dispatcherServlet'
2023-06-19T23:51:34.927+02:00  INFO 22892 --- [    Test worker] j.LocalContainerEntityManagerFactoryBean : Closing JPA EntityManagerFactory for persistence unit 'default'
2023-06-19T23:51:34.928+02:00  INFO 22892 --- [    Test worker] .SchemaDropperImpl$DelayedDropActionImpl : HHH000477: Starting delayed evictData of schema as part of SessionFactory shut-down'
2023-06-19T23:51:34.950+02:00  INFO 22892 --- [    Test worker] com.zaxxer.hikari.HikariDataSource       : HikariPool-1 - Shutdown initiated...
2023-06-19T23:51:34.959+02:00  INFO 22892 --- [    Test worker] com.zaxxer.hikari.HikariDataSource       : HikariPool-1 - Shutdown completed.

  .   ____          _            __ _ _
 /\\ / ___'_ __ _ _(_)_ __  __ _ \ \ \ \
( ( )\___ | '_ | '_| | '_ \/ _` | \ \ \ \
 \\/  ___)| |_)| | | | | || (_| |  ) ) ) )
  '  |____| .__|_| |_|_| |_\__, | / / / /
 =========|_|==============|___/=/_/_/_/
 :: Spring Boot ::                (v3.1.0)

2023-06-19T23:51:35.055+02:00  INFO 22892 --- [    Test worker] c.s.s.c.ShoppingListControllerTest       : Starting ShoppingListControllerTest using Java 17.0.6 with PID 22892 (started by kubas in C:\shoppinglistservice)
2023-06-19T23:51:35.056+02:00  INFO 22892 --- [    Test worker] c.s.s.c.ShoppingListControllerTest       : No active profile set, falling back to 1 default profile: "default"
2023-06-19T23:51:35.380+02:00  INFO 22892 --- [    Test worker] .s.d.r.c.RepositoryConfigurationDelegate : Bootstrapping Spring Data JPA repositories in DEFAULT mode.
2023-06-19T23:51:35.393+02:00  INFO 22892 --- [    Test worker] .s.d.r.c.RepositoryConfigurationDelegate : Finished Spring Data repository scanning in 11 ms. Found 1 JPA repository interfaces.
2023-06-19T23:51:35.470+02:00  INFO 22892 --- [    Test worker] o.s.b.w.embedded.tomcat.TomcatWebServer  : Tomcat initialized with port(s): 0 (http)
2023-06-19T23:51:35.471+02:00  INFO 22892 --- [    Test worker] o.apache.catalina.core.StandardService   : Starting service [Tomcat]
2023-06-19T23:51:35.472+02:00  INFO 22892 --- [    Test worker] o.apache.catalina.core.StandardEngine    : Starting Servlet engine: [Apache Tomcat/10.1.8]
2023-06-19T23:51:35.538+02:00  INFO 22892 --- [    Test worker] o.a.c.c.C.[Tomcat].[localhost].[/]       : Initializing Spring embedded WebApplicationContext
2023-06-19T23:51:35.539+02:00  INFO 22892 --- [    Test worker] w.s.c.ServletWebServerApplicationContext : Root WebApplicationContext: initialization completed in 477 ms
2023-06-19T23:51:35.680+02:00  INFO 22892 --- [    Test worker] o.hibernate.jpa.internal.util.LogHelper  : HHH000204: Processing PersistenceUnitInfo [name: default]
2023-06-19T23:51:35.706+02:00  INFO 22892 --- [    Test worker] o.h.b.i.BytecodeProviderInitiator        : HHH000021: Bytecode provider name : bytebuddy
2023-06-19T23:51:35.707+02:00  INFO 22892 --- [    Test worker] o.s.o.j.p.SpringPersistenceUnitInfo      : No LoadTimeWeaver setup: ignoring JPA class transformer
2023-06-19T23:51:35.711+02:00  INFO 22892 --- [    Test worker] com.zaxxer.hikari.HikariDataSource       : HikariPool-2 - Starting...
2023-06-19T23:51:35.767+02:00  INFO 22892 --- [    Test worker] com.zaxxer.hikari.pool.HikariPool        : HikariPool-2 - Added connection org.postgresql.jdbc.PgConnection@5bcc2416
2023-06-19T23:51:35.767+02:00  INFO 22892 --- [    Test worker] com.zaxxer.hikari.HikariDataSource       : HikariPool-2 - Start completed.
2023-06-19T23:51:35.784+02:00  INFO 22892 --- [    Test worker] org.hibernate.orm.dialect                : HHH035001: Using dialect: org.hibernate.dialect.PostgreSQLDialect, version: org.hibernate.engine.jdbc.env.internal.JdbcEnvironmentInitiator$DialectResolutionInfoImpl@61b2ca5a
2023-06-19T23:51:35.803+02:00  INFO 22892 --- [    Test worker] o.h.b.i.BytecodeProviderInitiator        : HHH000021: Bytecode provider name : bytebuddy
2023-06-19T23:51:35.830+02:00  INFO 22892 --- [    Test worker] o.h.e.t.j.p.i.JtaPlatformInitiator       : HHH000490: Using JtaPlatform implementation: [org.hibernate.engine.transaction.jta.platform.internal.NoJtaPlatform]
2023-06-19T23:51:35.844+02:00  WARN 22892 --- [    Test worker] o.h.engine.jdbc.spi.SqlExceptionHelper   : SQL Warning Code: 0, SQLState: 00000
2023-06-19T23:51:35.845+02:00  WARN 22892 --- [    Test worker] o.h.engine.jdbc.spi.SqlExceptionHelper   : relation "shopping_list_entity_elements" does not exist, skipping
2023-06-19T23:51:35.848+02:00  WARN 22892 --- [    Test worker] o.h.engine.jdbc.spi.SqlExceptionHelper   : SQL Warning Code: 0, SQLState: 00000
2023-06-19T23:51:35.848+02:00  WARN 22892 --- [    Test worker] o.h.engine.jdbc.spi.SqlExceptionHelper   : table "shopping_list_entity" does not exist, skipping
2023-06-19T23:51:35.850+02:00  WARN 22892 --- [    Test worker] o.h.engine.jdbc.spi.SqlExceptionHelper   : SQL Warning Code: 0, SQLState: 00000
2023-06-19T23:51:35.850+02:00  WARN 22892 --- [    Test worker] o.h.engine.jdbc.spi.SqlExceptionHelper   : table "shopping_list_entity_elements" does not exist, skipping
2023-06-19T23:51:35.864+02:00  INFO 22892 --- [    Test worker] o.h.t.s.i.e.GenerationTargetToDatabase   : HHH000476: Executing script '[injected ScriptSourceInputNonExistentImpl script]'
2023-06-19T23:51:35.864+02:00  INFO 22892 --- [    Test worker] j.LocalContainerEntityManagerFactoryBean : Initialized JPA EntityManagerFactory for persistence unit 'default'
2023-06-19T23:51:36.034+02:00  WARN 22892 --- [    Test worker] JpaBaseConfiguration$JpaWebConfiguration : spring.jpa.open-in-view is enabled by default. Therefore, database queries may be performed during view rendering. Explicitly configure spring.jpa.open-in-view to disable this warning
2023-06-19T23:51:36.316+02:00  INFO 22892 --- [    Test worker] o.s.b.a.e.web.EndpointLinksResolver      : Exposing 1 endpoint(s) beneath base path '/actuator'
2023-06-19T23:51:36.358+02:00  INFO 22892 --- [    Test worker] o.s.b.w.embedded.tomcat.TomcatWebServer  : Tomcat started on port(s): 51020 (http) with context path ''
2023-06-19T23:51:36.370+02:00  INFO 22892 --- [    Test worker] c.s.s.c.ShoppingListControllerTest       : Started ShoppingListControllerTest in 1.376 seconds (process running for 25.0)
2023-06-19T23:51:36.513+02:00  INFO 22892 --- [o-auto-2-exec-1] o.a.c.c.C.[Tomcat].[localhost].[/]       : Initializing Spring DispatcherServlet 'dispatcherServlet'
2023-06-19T23:51:36.513+02:00  INFO 22892 --- [o-auto-2-exec-1] o.s.web.servlet.DispatcherServlet        : Initializing Servlet 'dispatcherServlet'
2023-06-19T23:51:36.514+02:00  INFO 22892 --- [o-auto-2-exec-1] o.s.web.servlet.DispatcherServlet        : Completed initialization in 1 ms
2023-06-19T23:51:36.710+02:00  INFO 22892 --- [    Test worker] o.apache.catalina.core.StandardService   : Stopping service [Tomcat]
2023-06-19T23:51:36.711+02:00  INFO 22892 --- [    Test worker] o.a.c.c.C.[Tomcat].[localhost].[/]       : Destroying Spring FrameworkServlet 'dispatcherServlet'
2023-06-19T23:51:38.779+02:00  INFO 22892 --- [    Test worker] j.LocalContainerEntityManagerFactoryBean : Closing JPA EntityManagerFactory for persistence unit 'default'
2023-06-19T23:51:38.780+02:00  INFO 22892 --- [    Test worker] .SchemaDropperImpl$DelayedDropActionImpl : HHH000477: Starting delayed evictData of schema as part of SessionFactory shut-down'
2023-06-19T23:51:38.790+02:00  INFO 22892 --- [    Test worker] com.zaxxer.hikari.HikariDataSource       : HikariPool-2 - Shutdown initiated...
2023-06-19T23:51:38.800+02:00  INFO 22892 --- [    Test worker] com.zaxxer.hikari.HikariDataSource       : HikariPool-2 - Shutdown completed.

  .   ____          _            __ _ _
 /\\ / ___'_ __ _ _(_)_ __  __ _ \ \ \ \
( ( )\___ | '_ | '_| | '_ \/ _` | \ \ \ \
 \\/  ___)| |_)| | | | | || (_| |  ) ) ) )
  '  |____| .__|_| |_|_| |_\__, | / / / /
 =========|_|==============|___/=/_/_/_/
 :: Spring Boot ::                (v3.1.0)

2023-06-19T23:51:38.848+02:00  INFO 22892 --- [    Test worker] c.s.s.c.ShoppingListControllerTest       : Starting ShoppingListControllerTest using Java 17.0.6 with PID 22892 (started by kubas in C:\shoppinglistservice)
2023-06-19T23:51:38.848+02:00  INFO 22892 --- [    Test worker] c.s.s.c.ShoppingListControllerTest       : No active profile set, falling back to 1 default profile: "default"
2023-06-19T23:51:39.504+02:00  INFO 22892 --- [    Test worker] .s.d.r.c.RepositoryConfigurationDelegate : Bootstrapping Spring Data JPA repositories in DEFAULT mode.
2023-06-19T23:51:39.530+02:00  INFO 22892 --- [    Test worker] .s.d.r.c.RepositoryConfigurationDelegate : Finished Spring Data repository scanning in 24 ms. Found 1 JPA repository interfaces.
2023-06-19T23:51:39.735+02:00  INFO 22892 --- [    Test worker] o.s.b.w.embedded.tomcat.TomcatWebServer  : Tomcat initialized with port(s): 0 (http)
2023-06-19T23:51:39.736+02:00  INFO 22892 --- [    Test worker] o.apache.catalina.core.StandardService   : Starting service [Tomcat]
2023-06-19T23:51:39.737+02:00  INFO 22892 --- [    Test worker] o.apache.catalina.core.StandardEngine    : Starting Servlet engine: [Apache Tomcat/10.1.8]
2023-06-19T23:51:39.824+02:00  INFO 22892 --- [    Test worker] o.a.c.c.C.[Tomcat].[localhost].[/]       : Initializing Spring embedded WebApplicationContext
2023-06-19T23:51:39.824+02:00  INFO 22892 --- [    Test worker] w.s.c.ServletWebServerApplicationContext : Root WebApplicationContext: initialization completed in 972 ms
2023-06-19T23:51:39.920+02:00  INFO 22892 --- [    Test worker] o.hibernate.jpa.internal.util.LogHelper  : HHH000204: Processing PersistenceUnitInfo [name: default]
2023-06-19T23:51:39.931+02:00  INFO 22892 --- [    Test worker] o.h.b.i.BytecodeProviderInitiator        : HHH000021: Bytecode provider name : bytebuddy
2023-06-19T23:51:39.932+02:00  INFO 22892 --- [    Test worker] o.s.o.j.p.SpringPersistenceUnitInfo      : No LoadTimeWeaver setup: ignoring JPA class transformer
2023-06-19T23:51:39.935+02:00  INFO 22892 --- [    Test worker] com.zaxxer.hikari.HikariDataSource       : HikariPool-3 - Starting...
2023-06-19T23:51:40.010+02:00  INFO 22892 --- [    Test worker] com.zaxxer.hikari.pool.HikariPool        : HikariPool-3 - Added connection org.postgresql.jdbc.PgConnection@504862b5
2023-06-19T23:51:40.010+02:00  INFO 22892 --- [    Test worker] com.zaxxer.hikari.HikariDataSource       : HikariPool-3 - Start completed.
2023-06-19T23:51:40.108+02:00  INFO 22892 --- [    Test worker] org.hibernate.orm.dialect                : HHH035001: Using dialect: org.hibernate.dialect.PostgreSQLDialect, version: org.hibernate.engine.jdbc.env.internal.JdbcEnvironmentInitiator$DialectResolutionInfoImpl@622168f7
2023-06-19T23:51:40.125+02:00  INFO 22892 --- [    Test worker] o.h.b.i.BytecodeProviderInitiator        : HHH000021: Bytecode provider name : bytebuddy
2023-06-19T23:51:40.157+02:00  INFO 22892 --- [    Test worker] o.h.e.t.j.p.i.JtaPlatformInitiator       : HHH000490: Using JtaPlatform implementation: [org.hibernate.engine.transaction.jta.platform.internal.NoJtaPlatform]
2023-06-19T23:51:40.160+02:00  WARN 22892 --- [    Test worker] o.h.engine.jdbc.spi.SqlExceptionHelper   : SQL Warning Code: 0, SQLState: 00000
2023-06-19T23:51:40.160+02:00  WARN 22892 --- [    Test worker] o.h.engine.jdbc.spi.SqlExceptionHelper   : relation "shopping_list_entity_elements" does not exist, skipping
2023-06-19T23:51:40.175+02:00  WARN 22892 --- [    Test worker] o.h.engine.jdbc.spi.SqlExceptionHelper   : SQL Warning Code: 0, SQLState: 00000
2023-06-19T23:51:40.175+02:00  WARN 22892 --- [    Test worker] o.h.engine.jdbc.spi.SqlExceptionHelper   : table "shopping_list_entity" does not exist, skipping
2023-06-19T23:51:40.178+02:00  WARN 22892 --- [    Test worker] o.h.engine.jdbc.spi.SqlExceptionHelper   : SQL Warning Code: 0, SQLState: 00000
2023-06-19T23:51:40.178+02:00  WARN 22892 --- [    Test worker] o.h.engine.jdbc.spi.SqlExceptionHelper   : table "shopping_list_entity_elements" does not exist, skipping
2023-06-19T23:51:40.227+02:00  INFO 22892 --- [    Test worker] o.h.t.s.i.e.GenerationTargetToDatabase   : HHH000476: Executing script '[injected ScriptSourceInputNonExistentImpl script]'
2023-06-19T23:51:40.227+02:00  INFO 22892 --- [    Test worker] j.LocalContainerEntityManagerFactoryBean : Initialized JPA EntityManagerFactory for persistence unit 'default'
2023-06-19T23:51:40.363+02:00  WARN 22892 --- [    Test worker] JpaBaseConfiguration$JpaWebConfiguration : spring.jpa.open-in-view is enabled by default. Therefore, database queries may be performed during view rendering. Explicitly configure spring.jpa.open-in-view to disable this warning
2023-06-19T23:51:40.594+02:00  INFO 22892 --- [    Test worker] o.s.b.a.e.web.EndpointLinksResolver      : Exposing 1 endpoint(s) beneath base path '/actuator'
2023-06-19T23:51:40.636+02:00  INFO 22892 --- [    Test worker] o.s.b.w.embedded.tomcat.TomcatWebServer  : Tomcat started on port(s): 51045 (http) with context path ''
2023-06-19T23:51:40.647+02:00  INFO 22892 --- [    Test worker] c.s.s.c.ShoppingListControllerTest       : Started ShoppingListControllerTest in 1.842 seconds (process running for 29.276)
2023-06-19T23:51:41.210+02:00  INFO 22892 --- [o-auto-3-exec-1] o.a.c.c.C.[Tomcat].[localhost].[/]       : Initializing Spring DispatcherServlet 'dispatcherServlet'
2023-06-19T23:51:41.210+02:00  INFO 22892 --- [o-auto-3-exec-1] o.s.web.servlet.DispatcherServlet        : Initializing Servlet 'dispatcherServlet'
2023-06-19T23:51:41.212+02:00  INFO 22892 --- [o-auto-3-exec-1] o.s.web.servlet.DispatcherServlet        : Completed initialization in 2 ms
2023-06-19T23:51:41.363+02:00  INFO 22892 --- [    Test worker] o.apache.catalina.core.StandardService   : Stopping service [Tomcat]
2023-06-19T23:51:41.364+02:00  INFO 22892 --- [    Test worker] o.a.c.c.C.[Tomcat].[localhost].[/]       : Destroying Spring FrameworkServlet 'dispatcherServlet'
2023-06-19T23:51:44.186+02:00  INFO 22892 --- [    Test worker] j.LocalContainerEntityManagerFactoryBean : Closing JPA EntityManagerFactory for persistence unit 'default'
2023-06-19T23:51:44.187+02:00  INFO 22892 --- [    Test worker] .SchemaDropperImpl$DelayedDropActionImpl : HHH000477: Starting delayed evictData of schema as part of SessionFactory shut-down'
2023-06-19T23:51:44.572+02:00  INFO 22892 --- [    Test worker] com.zaxxer.hikari.HikariDataSource       : HikariPool-3 - Shutdown initiated...
2023-06-19T23:51:44.726+02:00  INFO 22892 --- [    Test worker] com.zaxxer.hikari.HikariDataSource       : HikariPool-3 - Shutdown completed.

  .   ____          _            __ _ _
 /\\ / ___'_ __ _ _(_)_ __  __ _ \ \ \ \
( ( )\___ | '_ | '_| | '_ \/ _` | \ \ \ \
 \\/  ___)| |_)| | | | | || (_| |  ) ) ) )
  '  |____| .__|_| |_|_| |_\__, | / / / /
 =========|_|==============|___/=/_/_/_/
 :: Spring Boot ::                (v3.1.0)

2023-06-19T23:51:44.794+02:00  INFO 22892 --- [    Test worker] c.s.s.c.ShoppingListControllerTest       : Starting ShoppingListControllerTest using Java 17.0.6 with PID 22892 (started by kubas in C:\shoppinglistservice)
2023-06-19T23:51:44.794+02:00  INFO 22892 --- [    Test worker] c.s.s.c.ShoppingListControllerTest       : No active profile set, falling back to 1 default profile: "default"
2023-06-19T23:51:45.605+02:00  INFO 22892 --- [    Test worker] .s.d.r.c.RepositoryConfigurationDelegate : Bootstrapping Spring Data JPA repositories in DEFAULT mode.
2023-06-19T23:51:45.629+02:00  INFO 22892 --- [    Test worker] .s.d.r.c.RepositoryConfigurationDelegate : Finished Spring Data repository scanning in 22 ms. Found 1 JPA repository interfaces.
2023-06-19T23:51:45.778+02:00  INFO 22892 --- [    Test worker] o.s.b.w.embedded.tomcat.TomcatWebServer  : Tomcat initialized with port(s): 0 (http)
2023-06-19T23:51:45.780+02:00  INFO 22892 --- [    Test worker] o.apache.catalina.core.StandardService   : Starting service [Tomcat]
2023-06-19T23:51:45.782+02:00  INFO 22892 --- [    Test worker] o.apache.catalina.core.StandardEngine    : Starting Servlet engine: [Apache Tomcat/10.1.8]
2023-06-19T23:51:45.844+02:00  INFO 22892 --- [    Test worker] o.a.c.c.C.[Tomcat].[localhost].[/]       : Initializing Spring embedded WebApplicationContext
2023-06-19T23:51:45.844+02:00  INFO 22892 --- [    Test worker] w.s.c.ServletWebServerApplicationContext : Root WebApplicationContext: initialization completed in 1046 ms
2023-06-19T23:51:45.937+02:00  INFO 22892 --- [    Test worker] o.hibernate.jpa.internal.util.LogHelper  : HHH000204: Processing PersistenceUnitInfo [name: default]
2023-06-19T23:51:45.951+02:00  INFO 22892 --- [    Test worker] o.h.b.i.BytecodeProviderInitiator        : HHH000021: Bytecode provider name : bytebuddy
2023-06-19T23:51:45.951+02:00  INFO 22892 --- [    Test worker] o.s.o.j.p.SpringPersistenceUnitInfo      : No LoadTimeWeaver setup: ignoring JPA class transformer
2023-06-19T23:51:45.953+02:00  INFO 22892 --- [    Test worker] com.zaxxer.hikari.HikariDataSource       : HikariPool-4 - Starting...
2023-06-19T23:51:45.982+02:00  INFO 22892 --- [    Test worker] com.zaxxer.hikari.pool.HikariPool        : HikariPool-4 - Added connection org.postgresql.jdbc.PgConnection@3f34edfc
2023-06-19T23:51:45.982+02:00  INFO 22892 --- [    Test worker] com.zaxxer.hikari.HikariDataSource       : HikariPool-4 - Start completed.
2023-06-19T23:51:45.994+02:00  INFO 22892 --- [    Test worker] org.hibernate.orm.dialect                : HHH035001: Using dialect: org.hibernate.dialect.PostgreSQLDialect, version: org.hibernate.engine.jdbc.env.internal.JdbcEnvironmentInitiator$DialectResolutionInfoImpl@2f4daa0c
2023-06-19T23:51:46.008+02:00  INFO 22892 --- [    Test worker] o.h.b.i.BytecodeProviderInitiator        : HHH000021: Bytecode provider name : bytebuddy
2023-06-19T23:51:46.032+02:00  INFO 22892 --- [    Test worker] o.h.e.t.j.p.i.JtaPlatformInitiator       : HHH000490: Using JtaPlatform implementation: [org.hibernate.engine.transaction.jta.platform.internal.NoJtaPlatform]
2023-06-19T23:51:46.036+02:00  WARN 22892 --- [    Test worker] o.h.engine.jdbc.spi.SqlExceptionHelper   : SQL Warning Code: 0, SQLState: 00000
2023-06-19T23:51:46.036+02:00  WARN 22892 --- [    Test worker] o.h.engine.jdbc.spi.SqlExceptionHelper   : relation "shopping_list_entity_elements" does not exist, skipping
2023-06-19T23:51:46.038+02:00  WARN 22892 --- [    Test worker] o.h.engine.jdbc.spi.SqlExceptionHelper   : SQL Warning Code: 0, SQLState: 00000
2023-06-19T23:51:46.039+02:00  WARN 22892 --- [    Test worker] o.h.engine.jdbc.spi.SqlExceptionHelper   : table "shopping_list_entity" does not exist, skipping
2023-06-19T23:51:46.040+02:00  WARN 22892 --- [    Test worker] o.h.engine.jdbc.spi.SqlExceptionHelper   : SQL Warning Code: 0, SQLState: 00000
2023-06-19T23:51:46.041+02:00  WARN 22892 --- [    Test worker] o.h.engine.jdbc.spi.SqlExceptionHelper   : table "shopping_list_entity_elements" does not exist, skipping
2023-06-19T23:51:46.055+02:00  INFO 22892 --- [    Test worker] o.h.t.s.i.e.GenerationTargetToDatabase   : HHH000476: Executing script '[injected ScriptSourceInputNonExistentImpl script]'
2023-06-19T23:51:46.056+02:00  INFO 22892 --- [    Test worker] j.LocalContainerEntityManagerFactoryBean : Initialized JPA EntityManagerFactory for persistence unit 'default'
2023-06-19T23:51:46.173+02:00  WARN 22892 --- [    Test worker] JpaBaseConfiguration$JpaWebConfiguration : spring.jpa.open-in-view is enabled by default. Therefore, database queries may be performed during view rendering. Explicitly configure spring.jpa.open-in-view to disable this warning
2023-06-19T23:51:46.616+02:00  INFO 22892 --- [    Test worker] o.s.b.a.e.web.EndpointLinksResolver      : Exposing 1 endpoint(s) beneath base path '/actuator'
2023-06-19T23:51:46.654+02:00  INFO 22892 --- [    Test worker] o.s.b.w.embedded.tomcat.TomcatWebServer  : Tomcat started on port(s): 51078 (http) with context path ''
2023-06-19T23:51:46.664+02:00  INFO 22892 --- [    Test worker] c.s.s.c.ShoppingListControllerTest       : Started ShoppingListControllerTest in 1.931 seconds (process running for 35.294)
2023-06-19T23:51:46.914+02:00  INFO 22892 --- [o-auto-4-exec-1] o.a.c.c.C.[Tomcat].[localhost].[/]       : Initializing Spring DispatcherServlet 'dispatcherServlet'
2023-06-19T23:51:46.914+02:00  INFO 22892 --- [o-auto-4-exec-1] o.s.web.servlet.DispatcherServlet        : Initializing Servlet 'dispatcherServlet'
2023-06-19T23:51:46.916+02:00  INFO 22892 --- [o-auto-4-exec-1] o.s.web.servlet.DispatcherServlet        : Completed initialization in 1 ms
2023-06-19T23:51:47.057+02:00  INFO 22892 --- [    Test worker] o.apache.catalina.core.StandardService   : Stopping service [Tomcat]
2023-06-19T23:51:47.058+02:00  INFO 22892 --- [    Test worker] o.a.c.c.C.[Tomcat].[localhost].[/]       : Destroying Spring FrameworkServlet 'dispatcherServlet'
2023-06-19T23:51:49.123+02:00  INFO 22892 --- [    Test worker] j.LocalContainerEntityManagerFactoryBean : Closing JPA EntityManagerFactory for persistence unit 'default'
2023-06-19T23:51:49.123+02:00  INFO 22892 --- [    Test worker] .SchemaDropperImpl$DelayedDropActionImpl : HHH000477: Starting delayed evictData of schema as part of SessionFactory shut-down'
2023-06-19T23:51:49.131+02:00  INFO 22892 --- [    Test worker] com.zaxxer.hikari.HikariDataSource       : HikariPool-4 - Shutdown initiated...
2023-06-19T23:51:49.137+02:00  INFO 22892 --- [    Test worker] com.zaxxer.hikari.HikariDataSource       : HikariPool-4 - Shutdown completed.

  .   ____          _            __ _ _
 /\\ / ___'_ __ _ _(_)_ __  __ _ \ \ \ \
( ( )\___ | '_ | '_| | '_ \/ _` | \ \ \ \
 \\/  ___)| |_)| | | | | || (_| |  ) ) ) )
  '  |____| .__|_| |_|_| |_\__, | / / / /
 =========|_|==============|___/=/_/_/_/
 :: Spring Boot ::                (v3.1.0)

2023-06-19T23:51:49.172+02:00  INFO 22892 --- [    Test worker] c.s.s.c.ShoppingListControllerTest       : Starting ShoppingListControllerTest using Java 17.0.6 with PID 22892 (started by kubas in C:\shoppinglistservice)
2023-06-19T23:51:49.173+02:00  INFO 22892 --- [    Test worker] c.s.s.c.ShoppingListControllerTest       : No active profile set, falling back to 1 default profile: "default"
2023-06-19T23:51:49.506+02:00  INFO 22892 --- [    Test worker] .s.d.r.c.RepositoryConfigurationDelegate : Bootstrapping Spring Data JPA repositories in DEFAULT mode.
2023-06-19T23:51:49.518+02:00  INFO 22892 --- [    Test worker] .s.d.r.c.RepositoryConfigurationDelegate : Finished Spring Data repository scanning in 11 ms. Found 1 JPA repository interfaces.
2023-06-19T23:51:49.593+02:00  INFO 22892 --- [    Test worker] o.s.b.w.embedded.tomcat.TomcatWebServer  : Tomcat initialized with port(s): 0 (http)
2023-06-19T23:51:49.594+02:00  INFO 22892 --- [    Test worker] o.apache.catalina.core.StandardService   : Starting service [Tomcat]
2023-06-19T23:51:49.594+02:00  INFO 22892 --- [    Test worker] o.apache.catalina.core.StandardEngine    : Starting Servlet engine: [Apache Tomcat/10.1.8]
2023-06-19T23:51:49.649+02:00  INFO 22892 --- [    Test worker] o.a.c.c.C.[Tomcat].[localhost].[/]       : Initializing Spring embedded WebApplicationContext
2023-06-19T23:51:49.649+02:00  INFO 22892 --- [    Test worker] w.s.c.ServletWebServerApplicationContext : Root WebApplicationContext: initialization completed in 474 ms
2023-06-19T23:51:49.778+02:00  INFO 22892 --- [    Test worker] o.hibernate.jpa.internal.util.LogHelper  : HHH000204: Processing PersistenceUnitInfo [name: default]
2023-06-19T23:51:49.792+02:00  INFO 22892 --- [    Test worker] o.h.b.i.BytecodeProviderInitiator        : HHH000021: Bytecode provider name : bytebuddy
2023-06-19T23:51:49.792+02:00  INFO 22892 --- [    Test worker] o.s.o.j.p.SpringPersistenceUnitInfo      : No LoadTimeWeaver setup: ignoring JPA class transformer
2023-06-19T23:51:49.794+02:00  INFO 22892 --- [    Test worker] com.zaxxer.hikari.HikariDataSource       : HikariPool-5 - Starting...
2023-06-19T23:51:49.849+02:00  INFO 22892 --- [    Test worker] com.zaxxer.hikari.pool.HikariPool        : HikariPool-5 - Added connection org.postgresql.jdbc.PgConnection@6cfd694a
2023-06-19T23:51:49.849+02:00  INFO 22892 --- [    Test worker] com.zaxxer.hikari.HikariDataSource       : HikariPool-5 - Start completed.
2023-06-19T23:51:49.856+02:00  INFO 22892 --- [    Test worker] org.hibernate.orm.dialect                : HHH035001: Using dialect: org.hibernate.dialect.PostgreSQLDialect, version: org.hibernate.engine.jdbc.env.internal.JdbcEnvironmentInitiator$DialectResolutionInfoImpl@3d562fde
2023-06-19T23:51:49.872+02:00  INFO 22892 --- [    Test worker] o.h.b.i.BytecodeProviderInitiator        : HHH000021: Bytecode provider name : bytebuddy
2023-06-19T23:51:49.896+02:00  INFO 22892 --- [    Test worker] o.h.e.t.j.p.i.JtaPlatformInitiator       : HHH000490: Using JtaPlatform implementation: [org.hibernate.engine.transaction.jta.platform.internal.NoJtaPlatform]
2023-06-19T23:51:49.899+02:00  WARN 22892 --- [    Test worker] o.h.engine.jdbc.spi.SqlExceptionHelper   : SQL Warning Code: 0, SQLState: 00000
2023-06-19T23:51:49.899+02:00  WARN 22892 --- [    Test worker] o.h.engine.jdbc.spi.SqlExceptionHelper   : relation "shopping_list_entity_elements" does not exist, skipping
2023-06-19T23:51:49.902+02:00  WARN 22892 --- [    Test worker] o.h.engine.jdbc.spi.SqlExceptionHelper   : SQL Warning Code: 0, SQLState: 00000
2023-06-19T23:51:49.902+02:00  WARN 22892 --- [    Test worker] o.h.engine.jdbc.spi.SqlExceptionHelper   : table "shopping_list_entity" does not exist, skipping
2023-06-19T23:51:49.904+02:00  WARN 22892 --- [    Test worker] o.h.engine.jdbc.spi.SqlExceptionHelper   : SQL Warning Code: 0, SQLState: 00000
2023-06-19T23:51:49.905+02:00  WARN 22892 --- [    Test worker] o.h.engine.jdbc.spi.SqlExceptionHelper   : table "shopping_list_entity_elements" does not exist, skipping
2023-06-19T23:51:49.915+02:00  INFO 22892 --- [    Test worker] o.h.t.s.i.e.GenerationTargetToDatabase   : HHH000476: Executing script '[injected ScriptSourceInputNonExistentImpl script]'
2023-06-19T23:51:49.916+02:00  INFO 22892 --- [    Test worker] j.LocalContainerEntityManagerFactoryBean : Initialized JPA EntityManagerFactory for persistence unit 'default'
2023-06-19T23:51:50.061+02:00  WARN 22892 --- [    Test worker] JpaBaseConfiguration$JpaWebConfiguration : spring.jpa.open-in-view is enabled by default. Therefore, database queries may be performed during view rendering. Explicitly configure spring.jpa.open-in-view to disable this warning
2023-06-19T23:51:50.240+02:00  INFO 22892 --- [    Test worker] o.s.b.a.e.web.EndpointLinksResolver      : Exposing 1 endpoint(s) beneath base path '/actuator'
2023-06-19T23:51:50.270+02:00  INFO 22892 --- [    Test worker] o.s.b.w.embedded.tomcat.TomcatWebServer  : Tomcat started on port(s): 51104 (http) with context path ''
2023-06-19T23:51:50.282+02:00  INFO 22892 --- [    Test worker] c.s.s.c.ShoppingListControllerTest       : Started ShoppingListControllerTest in 1.14 seconds (process running for 38.912)
2023-06-19T23:51:50.413+02:00  INFO 22892 --- [o-auto-5-exec-1] o.a.c.c.C.[Tomcat].[localhost].[/]       : Initializing Spring DispatcherServlet 'dispatcherServlet'
2023-06-19T23:51:50.413+02:00  INFO 22892 --- [o-auto-5-exec-1] o.s.web.servlet.DispatcherServlet        : Initializing Servlet 'dispatcherServlet'
2023-06-19T23:51:50.414+02:00  INFO 22892 --- [o-auto-5-exec-1] o.s.web.servlet.DispatcherServlet        : Completed initialization in 1 ms
2023-06-19T23:51:50.571+02:00  INFO 22892 --- [    Test worker] o.apache.catalina.core.StandardService   : Stopping service [Tomcat]
2023-06-19T23:51:50.571+02:00  INFO 22892 --- [    Test worker] o.a.c.c.C.[Tomcat].[localhost].[/]       : Destroying Spring FrameworkServlet 'dispatcherServlet'
2023-06-19T23:51:52.644+02:00  INFO 22892 --- [    Test worker] j.LocalContainerEntityManagerFactoryBean : Closing JPA EntityManagerFactory for persistence unit 'default'
2023-06-19T23:51:52.645+02:00  INFO 22892 --- [    Test worker] .SchemaDropperImpl$DelayedDropActionImpl : HHH000477: Starting delayed evictData of schema as part of SessionFactory shut-down'
2023-06-19T23:51:52.655+02:00  INFO 22892 --- [    Test worker] com.zaxxer.hikari.HikariDataSource       : HikariPool-5 - Shutdown initiated...
2023-06-19T23:51:52.660+02:00  INFO 22892 --- [    Test worker] com.zaxxer.hikari.HikariDataSource       : HikariPool-5 - Shutdown completed.

  .   ____          _            __ _ _
 /\\ / ___'_ __ _ _(_)_ __  __ _ \ \ \ \
( ( )\___ | '_ | '_| | '_ \/ _` | \ \ \ \
 \\/  ___)| |_)| | | | | || (_| |  ) ) ) )
  '  |____| .__|_| |_|_| |_\__, | / / / /
 =========|_|==============|___/=/_/_/_/
 :: Spring Boot ::                (v3.1.0)

2023-06-19T23:51:52.697+02:00  INFO 22892 --- [    Test worker] c.s.s.c.ShoppingListControllerTest       : Starting ShoppingListControllerTest using Java 17.0.6 with PID 22892 (started by kubas in C:\shoppinglistservice)
2023-06-19T23:51:52.697+02:00  INFO 22892 --- [    Test worker] c.s.s.c.ShoppingListControllerTest       : No active profile set, falling back to 1 default profile: "default"
2023-06-19T23:51:53.017+02:00  INFO 22892 --- [    Test worker] .s.d.r.c.RepositoryConfigurationDelegate : Bootstrapping Spring Data JPA repositories in DEFAULT mode.
2023-06-19T23:51:53.027+02:00  INFO 22892 --- [    Test worker] .s.d.r.c.RepositoryConfigurationDelegate : Finished Spring Data repository scanning in 9 ms. Found 1 JPA repository interfaces.
2023-06-19T23:51:53.100+02:00  INFO 22892 --- [    Test worker] o.s.b.w.embedded.tomcat.TomcatWebServer  : Tomcat initialized with port(s): 0 (http)
2023-06-19T23:51:53.101+02:00  INFO 22892 --- [    Test worker] o.apache.catalina.core.StandardService   : Starting service [Tomcat]
2023-06-19T23:51:53.101+02:00  INFO 22892 --- [    Test worker] o.apache.catalina.core.StandardEngine    : Starting Servlet engine: [Apache Tomcat/10.1.8]
2023-06-19T23:51:53.149+02:00  INFO 22892 --- [    Test worker] o.a.c.c.C.[Tomcat].[localhost].[/]       : Initializing Spring embedded WebApplicationContext
2023-06-19T23:51:53.150+02:00  INFO 22892 --- [    Test worker] w.s.c.ServletWebServerApplicationContext : Root WebApplicationContext: initialization completed in 450 ms
2023-06-19T23:51:53.216+02:00  INFO 22892 --- [    Test worker] o.hibernate.jpa.internal.util.LogHelper  : HHH000204: Processing PersistenceUnitInfo [name: default]
2023-06-19T23:51:53.230+02:00  INFO 22892 --- [    Test worker] o.h.b.i.BytecodeProviderInitiator        : HHH000021: Bytecode provider name : bytebuddy
2023-06-19T23:51:53.230+02:00  INFO 22892 --- [    Test worker] o.s.o.j.p.SpringPersistenceUnitInfo      : No LoadTimeWeaver setup: ignoring JPA class transformer
2023-06-19T23:51:53.231+02:00  INFO 22892 --- [    Test worker] com.zaxxer.hikari.HikariDataSource       : HikariPool-6 - Starting...
2023-06-19T23:51:53.253+02:00  INFO 22892 --- [    Test worker] com.zaxxer.hikari.pool.HikariPool        : HikariPool-6 - Added connection org.postgresql.jdbc.PgConnection@23e1dd4a
2023-06-19T23:51:53.254+02:00  INFO 22892 --- [    Test worker] com.zaxxer.hikari.HikariDataSource       : HikariPool-6 - Start completed.
2023-06-19T23:51:53.260+02:00  INFO 22892 --- [    Test worker] org.hibernate.orm.dialect                : HHH035001: Using dialect: org.hibernate.dialect.PostgreSQLDialect, version: org.hibernate.engine.jdbc.env.internal.JdbcEnvironmentInitiator$DialectResolutionInfoImpl@2d3b13b8
2023-06-19T23:51:53.275+02:00  INFO 22892 --- [    Test worker] o.h.b.i.BytecodeProviderInitiator        : HHH000021: Bytecode provider name : bytebuddy
2023-06-19T23:51:53.296+02:00  INFO 22892 --- [    Test worker] o.h.e.t.j.p.i.JtaPlatformInitiator       : HHH000490: Using JtaPlatform implementation: [org.hibernate.engine.transaction.jta.platform.internal.NoJtaPlatform]
2023-06-19T23:51:53.299+02:00  WARN 22892 --- [    Test worker] o.h.engine.jdbc.spi.SqlExceptionHelper   : SQL Warning Code: 0, SQLState: 00000
2023-06-19T23:51:53.299+02:00  WARN 22892 --- [    Test worker] o.h.engine.jdbc.spi.SqlExceptionHelper   : relation "shopping_list_entity_elements" does not exist, skipping
2023-06-19T23:51:53.301+02:00  WARN 22892 --- [    Test worker] o.h.engine.jdbc.spi.SqlExceptionHelper   : SQL Warning Code: 0, SQLState: 00000
2023-06-19T23:51:53.302+02:00  WARN 22892 --- [    Test worker] o.h.engine.jdbc.spi.SqlExceptionHelper   : table "shopping_list_entity" does not exist, skipping
2023-06-19T23:51:53.304+02:00  WARN 22892 --- [    Test worker] o.h.engine.jdbc.spi.SqlExceptionHelper   : SQL Warning Code: 0, SQLState: 00000
2023-06-19T23:51:53.304+02:00  WARN 22892 --- [    Test worker] o.h.engine.jdbc.spi.SqlExceptionHelper   : table "shopping_list_entity_elements" does not exist, skipping
2023-06-19T23:51:53.324+02:00  INFO 22892 --- [    Test worker] o.h.t.s.i.e.GenerationTargetToDatabase   : HHH000476: Executing script '[injected ScriptSourceInputNonExistentImpl script]'
2023-06-19T23:51:53.324+02:00  INFO 22892 --- [    Test worker] j.LocalContainerEntityManagerFactoryBean : Initialized JPA EntityManagerFactory for persistence unit 'default'
2023-06-19T23:51:53.404+02:00  WARN 22892 --- [    Test worker] JpaBaseConfiguration$JpaWebConfiguration : spring.jpa.open-in-view is enabled by default. Therefore, database queries may be performed during view rendering. Explicitly configure spring.jpa.open-in-view to disable this warning
2023-06-19T23:51:53.566+02:00  INFO 22892 --- [    Test worker] o.s.b.a.e.web.EndpointLinksResolver      : Exposing 1 endpoint(s) beneath base path '/actuator'
2023-06-19T23:51:53.592+02:00  INFO 22892 --- [    Test worker] o.s.b.w.embedded.tomcat.TomcatWebServer  : Tomcat started on port(s): 51135 (http) with context path ''
2023-06-19T23:51:53.612+02:00  INFO 22892 --- [    Test worker] c.s.s.c.ShoppingListControllerTest       : Started ShoppingListControllerTest in 0.947 seconds (process running for 42.242)
2023-06-19T23:51:53.747+02:00  INFO 22892 --- [o-auto-6-exec-1] o.a.c.c.C.[Tomcat].[localhost].[/]       : Initializing Spring DispatcherServlet 'dispatcherServlet'
2023-06-19T23:51:53.748+02:00  INFO 22892 --- [o-auto-6-exec-1] o.s.web.servlet.DispatcherServlet        : Initializing Servlet 'dispatcherServlet'
2023-06-19T23:51:53.749+02:00  INFO 22892 --- [o-auto-6-exec-1] o.s.web.servlet.DispatcherServlet        : Completed initialization in 1 ms
2023-06-19T23:51:53.784+02:00  INFO 22892 --- [    Test worker] o.apache.catalina.core.StandardService   : Stopping service [Tomcat]
2023-06-19T23:51:53.785+02:00  INFO 22892 --- [    Test worker] o.a.c.c.C.[Tomcat].[localhost].[/]       : Destroying Spring FrameworkServlet 'dispatcherServlet'
2023-06-19T23:51:55.848+02:00  INFO 22892 --- [    Test worker] j.LocalContainerEntityManagerFactoryBean : Closing JPA EntityManagerFactory for persistence unit 'default'
2023-06-19T23:51:55.848+02:00  INFO 22892 --- [    Test worker] .SchemaDropperImpl$DelayedDropActionImpl : HHH000477: Starting delayed evictData of schema as part of SessionFactory shut-down'
2023-06-19T23:51:55.858+02:00  INFO 22892 --- [    Test worker] com.zaxxer.hikari.HikariDataSource       : HikariPool-6 - Shutdown initiated...
2023-06-19T23:51:55.862+02:00  INFO 22892 --- [    Test worker] com.zaxxer.hikari.HikariDataSource       : HikariPool-6 - Shutdown completed.

  .   ____          _            __ _ _
 /\\ / ___'_ __ _ _(_)_ __  __ _ \ \ \ \
( ( )\___ | '_ | '_| | '_ \/ _` | \ \ \ \
 \\/  ___)| |_)| | | | | || (_| |  ) ) ) )
  '  |____| .__|_| |_|_| |_\__, | / / / /
 =========|_|==============|___/=/_/_/_/
 :: Spring Boot ::                (v3.1.0)

2023-06-19T23:51:55.895+02:00  INFO 22892 --- [    Test worker] c.s.s.c.ShoppingListControllerTest       : Starting ShoppingListControllerTest using Java 17.0.6 with PID 22892 (started by kubas in C:\shoppinglistservice)
2023-06-19T23:51:55.895+02:00  INFO 22892 --- [    Test worker] c.s.s.c.ShoppingListControllerTest       : No active profile set, falling back to 1 default profile: "default"
2023-06-19T23:51:56.271+02:00  INFO 22892 --- [    Test worker] .s.d.r.c.RepositoryConfigurationDelegate : Bootstrapping Spring Data JPA repositories in DEFAULT mode.
2023-06-19T23:51:56.283+02:00  INFO 22892 --- [    Test worker] .s.d.r.c.RepositoryConfigurationDelegate : Finished Spring Data repository scanning in 10 ms. Found 1 JPA repository interfaces.
2023-06-19T23:51:56.366+02:00  INFO 22892 --- [    Test worker] o.s.b.w.embedded.tomcat.TomcatWebServer  : Tomcat initialized with port(s): 0 (http)
2023-06-19T23:51:56.367+02:00  INFO 22892 --- [    Test worker] o.apache.catalina.core.StandardService   : Starting service [Tomcat]
2023-06-19T23:51:56.368+02:00  INFO 22892 --- [    Test worker] o.apache.catalina.core.StandardEngine    : Starting Servlet engine: [Apache Tomcat/10.1.8]
2023-06-19T23:51:56.419+02:00  INFO 22892 --- [    Test worker] o.a.c.c.C.[Tomcat].[localhost].[/]       : Initializing Spring embedded WebApplicationContext
2023-06-19T23:51:56.420+02:00  INFO 22892 --- [    Test worker] w.s.c.ServletWebServerApplicationContext : Root WebApplicationContext: initialization completed in 522 ms
2023-06-19T23:51:56.515+02:00  INFO 22892 --- [    Test worker] o.hibernate.jpa.internal.util.LogHelper  : HHH000204: Processing PersistenceUnitInfo [name: default]
2023-06-19T23:51:56.530+02:00  INFO 22892 --- [    Test worker] o.h.b.i.BytecodeProviderInitiator        : HHH000021: Bytecode provider name : bytebuddy
2023-06-19T23:51:56.531+02:00  INFO 22892 --- [    Test worker] o.s.o.j.p.SpringPersistenceUnitInfo      : No LoadTimeWeaver setup: ignoring JPA class transformer
2023-06-19T23:51:56.533+02:00  INFO 22892 --- [    Test worker] com.zaxxer.hikari.HikariDataSource       : HikariPool-7 - Starting...
2023-06-19T23:51:56.577+02:00  INFO 22892 --- [    Test worker] com.zaxxer.hikari.pool.HikariPool        : HikariPool-7 - Added connection org.postgresql.jdbc.PgConnection@447b3e43
2023-06-19T23:51:56.577+02:00  INFO 22892 --- [    Test worker] com.zaxxer.hikari.HikariDataSource       : HikariPool-7 - Start completed.
2023-06-19T23:51:56.584+02:00  INFO 22892 --- [    Test worker] org.hibernate.orm.dialect                : HHH035001: Using dialect: org.hibernate.dialect.PostgreSQLDialect, version: org.hibernate.engine.jdbc.env.internal.JdbcEnvironmentInitiator$DialectResolutionInfoImpl@49b71061
2023-06-19T23:51:56.619+02:00  INFO 22892 --- [    Test worker] o.h.b.i.BytecodeProviderInitiator        : HHH000021: Bytecode provider name : bytebuddy
2023-06-19T23:51:56.647+02:00  INFO 22892 --- [    Test worker] o.h.e.t.j.p.i.JtaPlatformInitiator       : HHH000490: Using JtaPlatform implementation: [org.hibernate.engine.transaction.jta.platform.internal.NoJtaPlatform]
2023-06-19T23:51:56.650+02:00  WARN 22892 --- [    Test worker] o.h.engine.jdbc.spi.SqlExceptionHelper   : SQL Warning Code: 0, SQLState: 00000
2023-06-19T23:51:56.651+02:00  WARN 22892 --- [    Test worker] o.h.engine.jdbc.spi.SqlExceptionHelper   : relation "shopping_list_entity_elements" does not exist, skipping
2023-06-19T23:51:56.654+02:00  WARN 22892 --- [    Test worker] o.h.engine.jdbc.spi.SqlExceptionHelper   : SQL Warning Code: 0, SQLState: 00000
2023-06-19T23:51:56.654+02:00  WARN 22892 --- [    Test worker] o.h.engine.jdbc.spi.SqlExceptionHelper   : table "shopping_list_entity" does not exist, skipping
2023-06-19T23:51:56.656+02:00  WARN 22892 --- [    Test worker] o.h.engine.jdbc.spi.SqlExceptionHelper   : SQL Warning Code: 0, SQLState: 00000
2023-06-19T23:51:56.656+02:00  WARN 22892 --- [    Test worker] o.h.engine.jdbc.spi.SqlExceptionHelper   : table "shopping_list_entity_elements" does not exist, skipping
2023-06-19T23:51:56.674+02:00  INFO 22892 --- [    Test worker] o.h.t.s.i.e.GenerationTargetToDatabase   : HHH000476: Executing script '[injected ScriptSourceInputNonExistentImpl script]'
2023-06-19T23:51:56.674+02:00  INFO 22892 --- [    Test worker] j.LocalContainerEntityManagerFactoryBean : Initialized JPA EntityManagerFactory for persistence unit 'default'
2023-06-19T23:51:56.791+02:00  WARN 22892 --- [    Test worker] JpaBaseConfiguration$JpaWebConfiguration : spring.jpa.open-in-view is enabled by default. Therefore, database queries may be performed during view rendering. Explicitly configure spring.jpa.open-in-view to disable this warning
2023-06-19T23:51:57.006+02:00  INFO 22892 --- [    Test worker] o.s.b.a.e.web.EndpointLinksResolver      : Exposing 1 endpoint(s) beneath base path '/actuator'
2023-06-19T23:51:57.045+02:00  INFO 22892 --- [    Test worker] o.s.b.w.embedded.tomcat.TomcatWebServer  : Tomcat started on port(s): 51163 (http) with context path ''
2023-06-19T23:51:57.064+02:00  INFO 22892 --- [    Test worker] c.s.s.c.ShoppingListControllerTest       : Started ShoppingListControllerTest in 1.198 seconds (process running for 45.694)
2023-06-19T23:51:57.255+02:00  INFO 22892 --- [o-auto-7-exec-3] o.a.c.c.C.[Tomcat].[localhost].[/]       : Initializing Spring DispatcherServlet 'dispatcherServlet'
2023-06-19T23:51:57.255+02:00  INFO 22892 --- [o-auto-7-exec-3] o.s.web.servlet.DispatcherServlet        : Initializing Servlet 'dispatcherServlet'
2023-06-19T23:51:57.256+02:00  INFO 22892 --- [o-auto-7-exec-3] o.s.web.servlet.DispatcherServlet        : Completed initialization in 1 ms
2023-06-19T23:51:57.337+02:00  INFO 22892 --- [    Test worker] o.apache.catalina.core.StandardService   : Stopping service [Tomcat]
2023-06-19T23:51:57.337+02:00  INFO 22892 --- [    Test worker] o.a.c.c.C.[Tomcat].[localhost].[/]       : Destroying Spring FrameworkServlet 'dispatcherServlet'
2023-06-19T23:51:59.404+02:00  INFO 22892 --- [    Test worker] j.LocalContainerEntityManagerFactoryBean : Closing JPA EntityManagerFactory for persistence unit 'default'
2023-06-19T23:51:59.404+02:00  INFO 22892 --- [    Test worker] .SchemaDropperImpl$DelayedDropActionImpl : HHH000477: Starting delayed evictData of schema as part of SessionFactory shut-down'
2023-06-19T23:51:59.410+02:00  INFO 22892 --- [    Test worker] com.zaxxer.hikari.HikariDataSource       : HikariPool-7 - Shutdown initiated...
2023-06-19T23:51:59.413+02:00  INFO 22892 --- [    Test worker] com.zaxxer.hikari.HikariDataSource       : HikariPool-7 - Shutdown completed.

  .   ____          _            __ _ _
 /\\ / ___'_ __ _ _(_)_ __  __ _ \ \ \ \
( ( )\___ | '_ | '_| | '_ \/ _` | \ \ \ \
 \\/  ___)| |_)| | | | | || (_| |  ) ) ) )
  '  |____| .__|_| |_|_| |_\__, | / / / /
 =========|_|==============|___/=/_/_/_/
 :: Spring Boot ::                (v3.1.0)

2023-06-19T23:51:59.440+02:00  INFO 22892 --- [    Test worker] c.s.s.c.ShoppingListControllerTest       : Starting ShoppingListControllerTest using Java 17.0.6 with PID 22892 (started by kubas in C:\shoppinglistservice)
2023-06-19T23:51:59.440+02:00  INFO 22892 --- [    Test worker] c.s.s.c.ShoppingListControllerTest       : No active profile set, falling back to 1 default profile: "default"
2023-06-19T23:51:59.905+02:00  INFO 22892 --- [    Test worker] .s.d.r.c.RepositoryConfigurationDelegate : Bootstrapping Spring Data JPA repositories in DEFAULT mode.
2023-06-19T23:51:59.917+02:00  INFO 22892 --- [    Test worker] .s.d.r.c.RepositoryConfigurationDelegate : Finished Spring Data repository scanning in 11 ms. Found 1 JPA repository interfaces.
2023-06-19T23:52:00.011+02:00  INFO 22892 --- [    Test worker] o.s.b.w.embedded.tomcat.TomcatWebServer  : Tomcat initialized with port(s): 0 (http)
2023-06-19T23:52:00.012+02:00  INFO 22892 --- [    Test worker] o.apache.catalina.core.StandardService   : Starting service [Tomcat]
2023-06-19T23:52:00.012+02:00  INFO 22892 --- [    Test worker] o.apache.catalina.core.StandardEngine    : Starting Servlet engine: [Apache Tomcat/10.1.8]
2023-06-19T23:52:00.113+02:00  INFO 22892 --- [    Test worker] o.a.c.c.C.[Tomcat].[localhost].[/]       : Initializing Spring embedded WebApplicationContext
2023-06-19T23:52:00.113+02:00  INFO 22892 --- [    Test worker] w.s.c.ServletWebServerApplicationContext : Root WebApplicationContext: initialization completed in 671 ms
2023-06-19T23:52:00.332+02:00  INFO 22892 --- [    Test worker] o.hibernate.jpa.internal.util.LogHelper  : HHH000204: Processing PersistenceUnitInfo [name: default]
2023-06-19T23:52:00.365+02:00  INFO 22892 --- [    Test worker] o.h.b.i.BytecodeProviderInitiator        : HHH000021: Bytecode provider name : bytebuddy
2023-06-19T23:52:00.365+02:00  INFO 22892 --- [    Test worker] o.s.o.j.p.SpringPersistenceUnitInfo      : No LoadTimeWeaver setup: ignoring JPA class transformer
2023-06-19T23:52:00.367+02:00  INFO 22892 --- [    Test worker] com.zaxxer.hikari.HikariDataSource       : HikariPool-8 - Starting...
2023-06-19T23:52:00.465+02:00  INFO 22892 --- [    Test worker] com.zaxxer.hikari.pool.HikariPool        : HikariPool-8 - Added connection org.postgresql.jdbc.PgConnection@6813ed1e
2023-06-19T23:52:00.465+02:00  INFO 22892 --- [    Test worker] com.zaxxer.hikari.HikariDataSource       : HikariPool-8 - Start completed.
2023-06-19T23:52:00.471+02:00  INFO 22892 --- [    Test worker] org.hibernate.orm.dialect                : HHH035001: Using dialect: org.hibernate.dialect.PostgreSQLDialect, version: org.hibernate.engine.jdbc.env.internal.JdbcEnvironmentInitiator$DialectResolutionInfoImpl@59108fbf
2023-06-19T23:52:00.493+02:00  INFO 22892 --- [    Test worker] o.h.b.i.BytecodeProviderInitiator        : HHH000021: Bytecode provider name : bytebuddy
2023-06-19T23:52:00.575+02:00  INFO 22892 --- [    Test worker] o.h.e.t.j.p.i.JtaPlatformInitiator       : HHH000490: Using JtaPlatform implementation: [org.hibernate.engine.transaction.jta.platform.internal.NoJtaPlatform]
2023-06-19T23:52:00.624+02:00  WARN 22892 --- [    Test worker] o.h.engine.jdbc.spi.SqlExceptionHelper   : SQL Warning Code: 0, SQLState: 00000
2023-06-19T23:52:00.624+02:00  WARN 22892 --- [    Test worker] o.h.engine.jdbc.spi.SqlExceptionHelper   : relation "shopping_list_entity_elements" does not exist, skipping
2023-06-19T23:52:00.696+02:00  WARN 22892 --- [    Test worker] o.h.engine.jdbc.spi.SqlExceptionHelper   : SQL Warning Code: 0, SQLState: 00000
2023-06-19T23:52:00.696+02:00  WARN 22892 --- [    Test worker] o.h.engine.jdbc.spi.SqlExceptionHelper   : table "shopping_list_entity" does not exist, skipping
2023-06-19T23:52:00.874+02:00  WARN 22892 --- [    Test worker] o.h.engine.jdbc.spi.SqlExceptionHelper   : SQL Warning Code: 0, SQLState: 00000
2023-06-19T23:52:00.874+02:00  WARN 22892 --- [    Test worker] o.h.engine.jdbc.spi.SqlExceptionHelper   : table "shopping_list_entity_elements" does not exist, skipping
2023-06-19T23:52:00.993+02:00  INFO 22892 --- [    Test worker] o.h.t.s.i.e.GenerationTargetToDatabase   : HHH000476: Executing script '[injected ScriptSourceInputNonExistentImpl script]'
2023-06-19T23:52:00.994+02:00  INFO 22892 --- [    Test worker] j.LocalContainerEntityManagerFactoryBean : Initialized JPA EntityManagerFactory for persistence unit 'default'
2023-06-19T23:52:02.104+02:00  WARN 22892 --- [    Test worker] JpaBaseConfiguration$JpaWebConfiguration : spring.jpa.open-in-view is enabled by default. Therefore, database queries may be performed during view rendering. Explicitly configure spring.jpa.open-in-view to disable this warning
2023-06-19T23:52:02.244+02:00  INFO 22892 --- [    Test worker] o.s.b.a.e.web.EndpointLinksResolver      : Exposing 1 endpoint(s) beneath base path '/actuator'
2023-06-19T23:52:02.265+02:00  INFO 22892 --- [    Test worker] o.s.b.w.embedded.tomcat.TomcatWebServer  : Tomcat started on port(s): 51195 (http) with context path ''
2023-06-19T23:52:02.272+02:00  INFO 22892 --- [    Test worker] c.s.s.c.ShoppingListControllerTest       : Started ShoppingListControllerTest in 2.856 seconds (process running for 50.902)
2023-06-19T23:52:02.526+02:00  INFO 22892 --- [o-auto-8-exec-1] o.a.c.c.C.[Tomcat].[localhost].[/]       : Initializing Spring DispatcherServlet 'dispatcherServlet'
2023-06-19T23:52:02.527+02:00  INFO 22892 --- [o-auto-8-exec-1] o.s.web.servlet.DispatcherServlet        : Initializing Servlet 'dispatcherServlet'
2023-06-19T23:52:02.528+02:00  INFO 22892 --- [o-auto-8-exec-1] o.s.web.servlet.DispatcherServlet        : Completed initialization in 1 ms
2023-06-19T23:52:03.056+02:00  INFO 22892 --- [    Test worker] o.apache.catalina.core.StandardService   : Stopping service [Tomcat]
2023-06-19T23:52:03.057+02:00  INFO 22892 --- [    Test worker] o.a.c.c.C.[Tomcat].[localhost].[/]       : Destroying Spring FrameworkServlet 'dispatcherServlet'
2023-06-19T23:52:05.139+02:00  INFO 22892 --- [    Test worker] j.LocalContainerEntityManagerFactoryBean : Closing JPA EntityManagerFactory for persistence unit 'default'
2023-06-19T23:52:05.139+02:00  INFO 22892 --- [    Test worker] .SchemaDropperImpl$DelayedDropActionImpl : HHH000477: Starting delayed evictData of schema as part of SessionFactory shut-down'
2023-06-19T23:52:05.149+02:00  INFO 22892 --- [    Test worker] com.zaxxer.hikari.HikariDataSource       : HikariPool-8 - Shutdown initiated...
2023-06-19T23:52:05.160+02:00  INFO 22892 --- [    Test worker] com.zaxxer.hikari.HikariDataSource       : HikariPool-8 - Shutdown completed.
]]></system-out>
  <system-err><![CDATA[]]></system-err>
</testsuite>
